<?xml version="1.0" encoding="UTF-8"?>
<testsuites>
  <testsuite name="CodeIgniter Application Test Suite" tests="7" assertions="11" errors="0" failures="1" skipped="0" time="0.020874">
    <testsuite name="Unit_test" file="/www/kp/api-chatbot/application/tests/controllers/Unit_test.php" tests="7" assertions="11" errors="0" failures="1" skipped="0" time="0.020874">
      <testcase name="test_rate_get" class="Unit_test" classname="Unit_test" file="/www/kp/api-chatbot/application/tests/controllers/Unit_test.php" line="11" assertions="2" time="0.010630"/>
      <testcase name="test_rate_get_name" class="Unit_test" classname="Unit_test" file="/www/kp/api-chatbot/application/tests/controllers/Unit_test.php" line="27" assertions="2" time="0.001480"/>
      <testcase name="test_rate_get_name_failed" class="Unit_test" classname="Unit_test" file="/www/kp/api-chatbot/application/tests/controllers/Unit_test.php" line="44" assertions="2" time="0.001283"/>
      <testcase name="test_home_index" class="Unit_test" classname="Unit_test" file="/www/kp/api-chatbot/application/tests/controllers/Unit_test.php" line="61" assertions="1" time="0.001767"/>
      <testcase name="test_method_404" class="Unit_test" classname="Unit_test" file="/www/kp/api-chatbot/application/tests/controllers/Unit_test.php" line="68" assertions="1" time="0.002449"/>
      <testcase name="test_method_200" class="Unit_test" classname="Unit_test" file="/www/kp/api-chatbot/application/tests/controllers/Unit_test.php" line="76" assertions="2" time="0.002706">
        <failure type="PHPUnit\Framework\ExpectationFailedException">Unit_test::test_method_200
Status code is not 404 but 200.
Failed asserting that 200 is identical to 404.

/www/kp/api-chatbot/application/tests/_ci_phpunit_test/CIPHPUnitTestCase.php:306
/www/kp/api-chatbot/application/tests/controllers/Unit_test.php:83
</failure>
      </testcase>
      <testcase name="test_APPPATH" class="Unit_test" classname="Unit_test" file="/www/kp/api-chatbot/application/tests/controllers/Unit_test.php" line="88" assertions="1" time="0.000559"/>
    </testsuite>
  </testsuite>
</testsuites>
